Arguments: 
  /home/gustavo/.nvm/versions/node/v12.16.3/bin/node /usr/share/yarn/bin/yarn.js add @types/validar-cpf

PATH: 
  /home/gustavo/.nvm/versions/node/v12.16.3/bin:/usr/local/sbin:/usr/local/bin:/usr/sbin:/usr/bin:/sbin:/bin:/usr/games:/usr/local/games:/snap/bin

Yarn version: 
  1.22.5

Node version: 
  12.16.3

Platform: 
  linux x64

Trace: 
  Error: https://registry.yarnpkg.com/@types%2fvalidar-cpf: Not found
      at Request.params.callback [as _callback] (/usr/share/yarn/lib/cli.js:66988:18)
      at Request.self.callback (/usr/share/yarn/lib/cli.js:140749:22)
      at Request.emit (events.js:310:20)
      at Request.<anonymous> (/usr/share/yarn/lib/cli.js:141721:10)
      at Request.emit (events.js:310:20)
      at IncomingMessage.<anonymous> (/usr/share/yarn/lib/cli.js:141643:12)
      at Object.onceWrapper (events.js:416:28)
      at IncomingMessage.emit (events.js:322:22)
      at endReadableNT (_stream_readable.js:1187:12)
      at processTicksAndRejections (internal/process/task_queues.js:84:21)

npm manifest: 
  {
    "name": "starter",
    "version": "1.0.0",
    "main": "index.ts",
    "license": "MIT",
    "scripts": {
      "dev": "tsnd src/index.ts",
      "lint": "eslint src/**/*.ts",
      "build": "sucrase ./src -d ./dist --transforms typescript,imports",
      "start": "node dist/index.js"
    },
    "dependencies": {
      "cors": "^2.8.5",
      "dotenv": "^8.2.0",
      "express": "^4.17.1",
      "jsonwebtoken": "^8.5.1",
      "md5": "^2.3.0",
      "mongoose": "^5.11.18",
      "sucrase": "^3.17.1",
      "validar-cpf": "^2.1.2"
    },
    "devDependencies": {
      "@types/cors": "^2.8.10",
      "@types/express": "^4.17.11",
      "@types/jsonwebtoken": "^8.5.0",
      "@types/md5": "^2.3.0",
      "@types/node": "^14.14.31",
      "@typescript-eslint/eslint-plugin": "^4.16.1",
      "@typescript-eslint/parser": "^4.16.1",
      "babel-eslint": "^10.1.0",
      "eslint": "^7.21.0",
      "eslint-config-airbnb-base": "^14.2.1",
      "eslint-config-prettier": "^8.1.0",
      "eslint-import-resolver-typescript": "^2.4.0",
      "eslint-plugin-import": "^2.22.1",
      "eslint-plugin-prettier": "^3.3.1",
      "prettier": "^2.2.1",
      "ts-node-dev": "^1.1.6",
      "typescript": "^4.2.2"
    }
  }

yarn manifest: 
  No manifest

Lockfile: 
  No lockfile
